2018-03-16 19:42:09.972 INFO  com.itstyle.log.SpringbootLoglApplication Line:48  - Starting SpringbootLoglApplication on YY-20171220HMCT with PID 33796 (D:\github\springboot\spring-boot-log\target\test-classes started by YYBJ in D:\github\springboot\spring-boot-log)
2018-03-16 19:42:09.977 INFO  com.itstyle.log.SpringbootLoglApplication Line:637 - No active profile set, falling back to default profiles: default
2018-03-16 19:42:10.090 INFO  org.springframework.boot.context.embedded.AnnotationConfigEmbeddedWebApplicationContext Line:582 - Refreshing org.springframework.boot.context.embedded.AnnotationConfigEmbeddedWebApplicationContext@5b421fc8: startup date [Fri Mar 16 19:42:10 CST 2018]; root of context hierarchy
2018-03-16 19:42:13.492 INFO  org.springframework.boot.context.embedded.tomcat.TomcatEmbeddedServletContainer Line:89  - Tomcat initialized with port(s): 8080 (http)
2018-03-16 19:42:13.596 INFO  org.apache.catalina.core.StandardService Line:179 - Starting service Tomcat
2018-03-16 19:42:13.599 INFO  org.apache.catalina.core.StandardEngine Line:179 - Starting Servlet Engine: Apache Tomcat/8.5.11
2018-03-16 19:42:14.001 INFO  org.apache.catalina.core.ContainerBase.[Tomcat].[localhost].[/log] Line:179 - Initializing Spring embedded WebApplicationContext
2018-03-16 19:42:14.003 INFO  org.springframework.web.context.ContextLoader Line:276 - Root WebApplicationContext: initialization completed in 3913 ms
2018-03-16 19:42:14.565 INFO  org.springframework.boot.web.servlet.ServletRegistrationBean Line:190 - Mapping servlet: 'dispatcherServlet' to [/]
2018-03-16 19:42:14.582 INFO  org.springframework.boot.web.servlet.FilterRegistrationBean Line:258 - Mapping filter: 'characterEncodingFilter' to: [/*]
2018-03-16 19:42:14.593 INFO  org.springframework.boot.web.servlet.FilterRegistrationBean Line:258 - Mapping filter: 'hiddenHttpMethodFilter' to: [/*]
2018-03-16 19:42:14.607 INFO  org.springframework.boot.web.servlet.FilterRegistrationBean Line:258 - Mapping filter: 'httpPutFormContentFilter' to: [/*]
2018-03-16 19:42:14.616 INFO  org.springframework.boot.web.servlet.FilterRegistrationBean Line:258 - Mapping filter: 'requestContextFilter' to: [/*]
2018-03-16 19:42:15.297 INFO  org.springframework.web.servlet.mvc.method.annotation.RequestMappingHandlerAdapter Line:534 - Looking for @ControllerAdvice: org.springframework.boot.context.embedded.AnnotationConfigEmbeddedWebApplicationContext@5b421fc8: startup date [Fri Mar 16 19:42:10 CST 2018]; root of context hierarchy
2018-03-16 19:42:15.382 INFO  org.springframework.web.servlet.mvc.method.annotation.RequestMappingHandlerMapping Line:543 - Mapped "{[/error]}" onto public org.springframework.http.ResponseEntity<java.util.Map<java.lang.String, java.lang.Object>> org.springframework.boot.autoconfigure.web.BasicErrorController.error(javax.servlet.http.HttpServletRequest)
2018-03-16 19:42:15.384 INFO  org.springframework.web.servlet.mvc.method.annotation.RequestMappingHandlerMapping Line:543 - Mapped "{[/error],produces=[text/html]}" onto public org.springframework.web.servlet.ModelAndView org.springframework.boot.autoconfigure.web.BasicErrorController.errorHtml(javax.servlet.http.HttpServletRequest,javax.servlet.http.HttpServletResponse)
2018-03-16 19:42:15.448 INFO  org.springframework.web.servlet.handler.SimpleUrlHandlerMapping Line:362 - Mapped URL path [/webjars/**] onto handler of type [class org.springframework.web.servlet.resource.ResourceHttpRequestHandler]
2018-03-16 19:42:15.448 INFO  org.springframework.web.servlet.handler.SimpleUrlHandlerMapping Line:362 - Mapped URL path [/**] onto handler of type [class org.springframework.web.servlet.resource.ResourceHttpRequestHandler]
2018-03-16 19:42:15.542 INFO  org.springframework.web.servlet.handler.SimpleUrlHandlerMapping Line:362 - Mapped URL path [/**/favicon.ico] onto handler of type [class org.springframework.web.servlet.resource.ResourceHttpRequestHandler]
2018-03-16 19:42:15.982 INFO  org.springframework.jmx.export.annotation.AnnotationMBeanExporter Line:431 - Registering beans for JMX exposure on startup
2018-03-16 19:42:16.072 INFO  org.springframework.boot.context.embedded.tomcat.TomcatEmbeddedServletContainer Line:198 - Tomcat started on port(s): 8080 (http)
2018-03-16 19:42:16.080 INFO  com.itstyle.log.SpringbootLoglApplication Line:19  - 哈哈哈
2018-03-16 19:42:16.083 INFO  com.itstyle.log.SpringbootLoglApplication Line:57  - Started SpringbootLoglApplication in 7.391 seconds (JVM running for 8.098)
